<?xml version="1.0" encoding="utf-8"?>
<TestRun id="b44e6d9f-8aa5-48dc-b20b-68ffd5617bf7" name="malli@LAPTOP-N86MFQAN 2025-06-30 13:26:53" runUser="LAPTOP-N86MFQAN\malli" xmlns="http://microsoft.com/schemas/VisualStudio/TeamTest/2010">
  <Times creation="2025-06-30T13:26:53.6125918+01:00" queuing="2025-06-30T13:26:53.6125926+01:00" start="2025-06-30T13:26:44.1240424+01:00" finish="2025-06-30T13:26:53.6566189+01:00" />
  <TestSettings name="default" id="2fb0cf82-e709-4631-90fa-72ae5ef3a33e">
    <Deployment runDeploymentRoot="malli_LAPTOP-N86MFQAN_2025-06-30_13_26_53" />
  </TestSettings>
  <Results>
    <UnitTestResult executionId="0b41520c-3255-4a3f-ba53-9c31ef3b070b" testId="d4da903c-67bc-9097-6fdf-c6d01ec71fb5" testName="ValidateSupportedProducts" computerName="LAPTOP-N86MFQAN" duration="00:00:07.9442730" startTime="2025-06-30T13:26:45.2532398+01:00" endTime="2025-06-30T13:26:53.1972161+01:00" testType="13cdc9d9-ddb5-4fa4-a97d-d965ccfc6d4b" outcome="Passed" testListId="8c84fa94-04c1-424b-9868-57a2d4851a1d" relativeResultsDirectory="0b41520c-3255-4a3f-ba53-9c31ef3b070b" />
  </Results>
  <TestDefinitions>
    <UnitTest name="ValidateSupportedProducts" storage="c:\users\malli\matchingengineautomation\bin\debug\net9.0\matchingengineautomation.dll" id="d4da903c-67bc-9097-6fdf-c6d01ec71fb5">
      <Execution id="0b41520c-3255-4a3f-ba53-9c31ef3b070b" />
      <TestMethod codeBase="C:\Users\malli\MatchingEngineAutomation\bin\Debug\net9.0\MatchingEngineAutomation.dll" adapterTypeName="executor://nunit3testexecutor/" className="MatchingEngineAutomation.Tests.RepertoireManagementTest" name="ValidateSupportedProducts" />
    </UnitTest>
  </TestDefinitions>
  <TestEntries>
    <TestEntry testId="d4da903c-67bc-9097-6fdf-c6d01ec71fb5" executionId="0b41520c-3255-4a3f-ba53-9c31ef3b070b" testListId="8c84fa94-04c1-424b-9868-57a2d4851a1d" />
  </TestEntries>
  <TestLists>
    <TestList name="Results Not in a List" id="8c84fa94-04c1-424b-9868-57a2d4851a1d" />
    <TestList name="All Loaded Results" id="19431567-8539-422a-85d7-44ee4e166bda" />
  </TestLists>
  <ResultSummary outcome="Completed">
    <Counters total="1" executed="1" passed="1" failed="0" error="0" timeout="0" aborted="0" inconclusive="0" passedButRunAborted="0" notRunnable="0" notExecuted="0" disconnected="0" warning="0" completed="0" inProgress="0" pending="0" />
    <Output>
      <StdOut>NUnit Adapter 4.6.0.0: Test execution started&#xD;
Running all tests in C:\Users\malli\MatchingEngineAutomation\bin\Debug\net9.0\MatchingEngineAutomation.dll&#xD;
   NUnit3TestExecutor discovered 1 of 1 NUnit test cases using Current Discovery mode, Non-Explicit run&#xD;
Starting ChromeDriver 138.0.7204.49 (d2b48fd5f7813ed477a2d68fa232b8178fa4fb1e-refs/branch-heads/7204@{#1814}) on port 51735&#xD;
Only local connections are allowed.&#xD;
Please see https://chromedriver.chromium.org/security-considerations for suggestions on keeping ChromeDriver safe.&#xD;
ChromeDriver was started successfully on port 51735.&#xD;
NUnit Adapter 4.6.0.0: Test execution complete&#xD;
</StdOut>
    </Output>
  </ResultSummary>
</TestRun>